<?xml version="1.0" encoding="utf-8" standalone="no"?>
<!--This file represents the results of running a test suite-->
<test-results name="C:\Users\Mark\Documents\leveldb\leveldb-sharp\leveldb.nunit" total="29" errors="29" failures="0" not-run="0" inconclusive="0" ignored="0" skipped="0" invalid="0" date="2013-05-10" time="21:54:56">
  <environment nunit-version="2.6.2.12296" clr-version="2.0.50727.4927" os-version="Microsoft Windows NT 6.1.7600.0" platform="Win32NT" cwd="C:\Program Files (x86)\NUnit 2.6.2\bin" machine-name="MARK-PC" user="Mark" user-domain="Mark-PC" />
  <culture-info current-culture="en-GB" current-uiculture="en-US" />
  <test-suite type="Project" name="C:\Users\Mark\Documents\leveldb\leveldb-sharp\leveldb.nunit" executed="True" result="Failure" success="False" time="0.452" asserts="0">
    <results>
      <test-suite type="Assembly" name="C:\Users\Mark\Documents\leveldb\leveldb-sharp\bin\Debug\leveldb-sharp-tests.dll" executed="True" result="Failure" success="False" time="0.451" asserts="0">
        <results>
          <test-suite type="Namespace" name="LevelDB" executed="True" result="Failure" success="False" time="0.450" asserts="0">
            <results>
              <test-suite type="TestFixture" name="DBTests" executed="True" result="Failure" success="False" time="0.252" asserts="0">
                <results>
                  <test-case name="LevelDB.DBTests.Cache" executed="True" result="Error" success="False" time="0.001" asserts="0">
                    <failure>
                      <message><![CDATA[SetUp : System.DllNotFoundException : Unable to load DLL 'leveldb': The specified module could not be found. (Exception from HRESULT: 0x8007007E)]]></message>
                      <stack-trace><![CDATA[at LevelDB.Native.leveldb_options_create()
at LevelDB.Options..ctor() in c:\Users\Mark\Documents\leveldb\leveldb-sharp\Options.cs:line 193
at LevelDB.DBTests.SetUp() in c:\Users\Mark\Documents\leveldb\leveldb-sharp\tests\DBTests.cs:line 50
]]></stack-trace>
                    </failure>
                  </test-case>
                  <test-case name="LevelDB.DBTests.Close" executed="True" result="Error" success="False" time="0.001" asserts="0">
                    <failure>
                      <message><![CDATA[SetUp : System.DllNotFoundException : Unable to load DLL 'leveldb': The specified module could not be found. (Exception from HRESULT: 0x8007007E)]]></message>
                      <stack-trace><![CDATA[at LevelDB.Native.leveldb_options_create()
at LevelDB.Options..ctor() in c:\Users\Mark\Documents\leveldb\leveldb-sharp\Options.cs:line 193
at LevelDB.DBTests.SetUp() in c:\Users\Mark\Documents\leveldb\leveldb-sharp\tests\DBTests.cs:line 50
]]></stack-trace>
                    </failure>
                  </test-case>
                  <test-case name="LevelDB.DBTests.Compact" executed="True" result="Error" success="False" time="0.001" asserts="0">
                    <failure>
                      <message><![CDATA[SetUp : System.DllNotFoundException : Unable to load DLL 'leveldb': The specified module could not be found. (Exception from HRESULT: 0x8007007E)]]></message>
                      <stack-trace><![CDATA[at LevelDB.Native.leveldb_options_create()
at LevelDB.Options..ctor() in c:\Users\Mark\Documents\leveldb\leveldb-sharp\Options.cs:line 193
at LevelDB.DBTests.SetUp() in c:\Users\Mark\Documents\leveldb\leveldb-sharp\tests\DBTests.cs:line 50
]]></stack-trace>
                    </failure>
                  </test-case>
                  <test-case name="LevelDB.DBTests.Constructor" executed="True" result="Error" success="False" time="0.002" asserts="0">
                    <failure>
                      <message><![CDATA[SetUp : System.DllNotFoundException : Unable to load DLL 'leveldb': The specified module could not be found. (Exception from HRESULT: 0x8007007E)]]></message>
                      <stack-trace><![CDATA[at LevelDB.Native.leveldb_options_create()
at LevelDB.Options..ctor() in c:\Users\Mark\Documents\leveldb\leveldb-sharp\Options.cs:line 193
at LevelDB.DBTests.SetUp() in c:\Users\Mark\Documents\leveldb\leveldb-sharp\tests\DBTests.cs:line 50
]]></stack-trace>
                    </failure>
                  </test-case>
                  <test-case name="LevelDB.DBTests.Delete" executed="True" result="Error" success="False" time="0.001" asserts="0">
                    <failure>
                      <message><![CDATA[SetUp : System.DllNotFoundException : Unable to load DLL 'leveldb': The specified module could not be found. (Exception from HRESULT: 0x8007007E)]]></message>
                      <stack-trace><![CDATA[at LevelDB.Native.leveldb_options_create()
at LevelDB.Options..ctor() in c:\Users\Mark\Documents\leveldb\leveldb-sharp\Options.cs:line 193
at LevelDB.DBTests.SetUp() in c:\Users\Mark\Documents\leveldb\leveldb-sharp\tests\DBTests.cs:line 50
]]></stack-trace>
                    </failure>
                  </test-case>
                  <test-case name="LevelDB.DBTests.Destroy" executed="True" result="Error" success="False" time="0.001" asserts="0">
                    <failure>
                      <message><![CDATA[SetUp : System.DllNotFoundException : Unable to load DLL 'leveldb': The specified module could not be found. (Exception from HRESULT: 0x8007007E)]]></message>
                      <stack-trace><![CDATA[at LevelDB.Native.leveldb_options_create()
at LevelDB.Options..ctor() in c:\Users\Mark\Documents\leveldb\leveldb-sharp\Options.cs:line 193
at LevelDB.DBTests.SetUp() in c:\Users\Mark\Documents\leveldb\leveldb-sharp\tests\DBTests.cs:line 50
]]></stack-trace>
                    </failure>
                  </test-case>
                  <test-case name="LevelDB.DBTests.DisposeChecks" executed="True" result="Error" success="False" time="0.001" asserts="0">
                    <failure>
                      <message><![CDATA[SetUp : System.DllNotFoundException : Unable to load DLL 'leveldb': The specified module could not be found. (Exception from HRESULT: 0x8007007E)]]></message>
                      <stack-trace><![CDATA[at LevelDB.Native.leveldb_options_create()
at LevelDB.Options..ctor() in c:\Users\Mark\Documents\leveldb\leveldb-sharp\Options.cs:line 193
at LevelDB.DBTests.SetUp() in c:\Users\Mark\Documents\leveldb\leveldb-sharp\tests\DBTests.cs:line 50
]]></stack-trace>
                    </failure>
                  </test-case>
                  <test-case name="LevelDB.DBTests.Enumerator" executed="True" result="Error" success="False" time="0.001" asserts="0">
                    <failure>
                      <message><![CDATA[SetUp : System.DllNotFoundException : Unable to load DLL 'leveldb': The specified module could not be found. (Exception from HRESULT: 0x8007007E)]]></message>
                      <stack-trace><![CDATA[at LevelDB.Native.leveldb_options_create()
at LevelDB.Options..ctor() in c:\Users\Mark\Documents\leveldb\leveldb-sharp\Options.cs:line 193
at LevelDB.DBTests.SetUp() in c:\Users\Mark\Documents\leveldb\leveldb-sharp\tests\DBTests.cs:line 50
]]></stack-trace>
                    </failure>
                  </test-case>
                  <test-case name="LevelDB.DBTests.Error" executed="True" result="Error" success="False" time="0.001" asserts="0">
                    <failure>
                      <message><![CDATA[SetUp : System.DllNotFoundException : Unable to load DLL 'leveldb': The specified module could not be found. (Exception from HRESULT: 0x8007007E)]]></message>
                      <stack-trace><![CDATA[at LevelDB.Native.leveldb_options_create()
at LevelDB.Options..ctor() in c:\Users\Mark\Documents\leveldb\leveldb-sharp\Options.cs:line 193
at LevelDB.DBTests.SetUp() in c:\Users\Mark\Documents\leveldb\leveldb-sharp\tests\DBTests.cs:line 50
]]></stack-trace>
                    </failure>
                  </test-case>
                  <test-case name="LevelDB.DBTests.Get" executed="True" result="Error" success="False" time="0.001" asserts="0">
                    <failure>
                      <message><![CDATA[SetUp : System.DllNotFoundException : Unable to load DLL 'leveldb': The specified module could not be found. (Exception from HRESULT: 0x8007007E)]]></message>
                      <stack-trace><![CDATA[at LevelDB.Native.leveldb_options_create()
at LevelDB.Options..ctor() in c:\Users\Mark\Documents\leveldb\leveldb-sharp\Options.cs:line 193
at LevelDB.DBTests.SetUp() in c:\Users\Mark\Documents\leveldb\leveldb-sharp\tests\DBTests.cs:line 50
]]></stack-trace>
                    </failure>
                  </test-case>
                  <test-case name="LevelDB.DBTests.Property" executed="True" result="Error" success="False" time="0.001" asserts="0">
                    <failure>
                      <message><![CDATA[SetUp : System.DllNotFoundException : Unable to load DLL 'leveldb': The specified module could not be found. (Exception from HRESULT: 0x8007007E)]]></message>
                      <stack-trace><![CDATA[at LevelDB.Native.leveldb_options_create()
at LevelDB.Options..ctor() in c:\Users\Mark\Documents\leveldb\leveldb-sharp\Options.cs:line 193
at LevelDB.DBTests.SetUp() in c:\Users\Mark\Documents\leveldb\leveldb-sharp\tests\DBTests.cs:line 50
]]></stack-trace>
                    </failure>
                  </test-case>
                  <test-case name="LevelDB.DBTests.Put" executed="True" result="Error" success="False" time="0.001" asserts="0">
                    <failure>
                      <message><![CDATA[SetUp : System.DllNotFoundException : Unable to load DLL 'leveldb': The specified module could not be found. (Exception from HRESULT: 0x8007007E)]]></message>
                      <stack-trace><![CDATA[at LevelDB.Native.leveldb_options_create()
at LevelDB.Options..ctor() in c:\Users\Mark\Documents\leveldb\leveldb-sharp\Options.cs:line 193
at LevelDB.DBTests.SetUp() in c:\Users\Mark\Documents\leveldb\leveldb-sharp\tests\DBTests.cs:line 50
]]></stack-trace>
                    </failure>
                  </test-case>
                  <test-case name="LevelDB.DBTests.Repair" executed="True" result="Error" success="False" time="0.001" asserts="0">
                    <failure>
                      <message><![CDATA[SetUp : System.DllNotFoundException : Unable to load DLL 'leveldb': The specified module could not be found. (Exception from HRESULT: 0x8007007E)]]></message>
                      <stack-trace><![CDATA[at LevelDB.Native.leveldb_options_create()
at LevelDB.Options..ctor() in c:\Users\Mark\Documents\leveldb\leveldb-sharp\Options.cs:line 193
at LevelDB.DBTests.SetUp() in c:\Users\Mark\Documents\leveldb\leveldb-sharp\tests\DBTests.cs:line 50
]]></stack-trace>
                    </failure>
                  </test-case>
                  <test-case name="LevelDB.DBTests.Snapshot" executed="True" result="Error" success="False" time="0.001" asserts="0">
                    <failure>
                      <message><![CDATA[SetUp : System.DllNotFoundException : Unable to load DLL 'leveldb': The specified module could not be found. (Exception from HRESULT: 0x8007007E)]]></message>
                      <stack-trace><![CDATA[at LevelDB.Native.leveldb_options_create()
at LevelDB.Options..ctor() in c:\Users\Mark\Documents\leveldb\leveldb-sharp\Options.cs:line 193
at LevelDB.DBTests.SetUp() in c:\Users\Mark\Documents\leveldb\leveldb-sharp\tests\DBTests.cs:line 50
]]></stack-trace>
                    </failure>
                  </test-case>
                  <test-case name="LevelDB.DBTests.WriteBatch" executed="True" result="Error" success="False" time="0.001" asserts="0">
                    <failure>
                      <message><![CDATA[SetUp : System.DllNotFoundException : Unable to load DLL 'leveldb': The specified module could not be found. (Exception from HRESULT: 0x8007007E)]]></message>
                      <stack-trace><![CDATA[at LevelDB.Native.leveldb_options_create()
at LevelDB.Options..ctor() in c:\Users\Mark\Documents\leveldb\leveldb-sharp\Options.cs:line 193
at LevelDB.DBTests.SetUp() in c:\Users\Mark\Documents\leveldb\leveldb-sharp\tests\DBTests.cs:line 50
]]></stack-trace>
                    </failure>
                  </test-case>
                </results>
              </test-suite>
              <test-suite type="TestFixture" name="NativeTests" executed="True" result="Failure" success="False" time="0.182" asserts="0">
                <results>
                  <test-case name="LevelDB.NativeTests.Cache" executed="True" result="Error" success="False" time="0.001" asserts="0">
                    <failure>
                      <message><![CDATA[SetUp : System.DllNotFoundException : Unable to load DLL 'leveldb': The specified module could not be found. (Exception from HRESULT: 0x8007007E)]]></message>
                      <stack-trace><![CDATA[at LevelDB.Native.leveldb_options_create()
at LevelDB.NativeTests.SetUp() in c:\Users\Mark\Documents\leveldb\leveldb-sharp\tests\NativeTests.cs:line 51
]]></stack-trace>
                    </failure>
                  </test-case>
                  <test-case name="LevelDB.NativeTests.CompactRange" executed="True" result="Error" success="False" time="0.001" asserts="0">
                    <failure>
                      <message><![CDATA[SetUp : System.DllNotFoundException : Unable to load DLL 'leveldb': The specified module could not be found. (Exception from HRESULT: 0x8007007E)]]></message>
                      <stack-trace><![CDATA[at LevelDB.Native.leveldb_options_create()
at LevelDB.NativeTests.SetUp() in c:\Users\Mark\Documents\leveldb\leveldb-sharp\tests\NativeTests.cs:line 51
]]></stack-trace>
                    </failure>
                  </test-case>
                  <test-case name="LevelDB.NativeTests.Delete" executed="True" result="Error" success="False" time="0.001" asserts="0">
                    <failure>
                      <message><![CDATA[SetUp : System.DllNotFoundException : Unable to load DLL 'leveldb': The specified module could not be found. (Exception from HRESULT: 0x8007007E)]]></message>
                      <stack-trace><![CDATA[at LevelDB.Native.leveldb_options_create()
at LevelDB.NativeTests.SetUp() in c:\Users\Mark\Documents\leveldb\leveldb-sharp\tests\NativeTests.cs:line 51
]]></stack-trace>
                    </failure>
                  </test-case>
                  <test-case name="LevelDB.NativeTests.Destroy" executed="True" result="Error" success="False" time="0.001" asserts="0">
                    <failure>
                      <message><![CDATA[SetUp : System.DllNotFoundException : Unable to load DLL 'leveldb': The specified module could not be found. (Exception from HRESULT: 0x8007007E)]]></message>
                      <stack-trace><![CDATA[at LevelDB.Native.leveldb_options_create()
at LevelDB.NativeTests.SetUp() in c:\Users\Mark\Documents\leveldb\leveldb-sharp\tests\NativeTests.cs:line 51
]]></stack-trace>
                    </failure>
                  </test-case>
                  <test-case name="LevelDB.NativeTests.Enumerator" executed="True" result="Error" success="False" time="0.001" asserts="0">
                    <failure>
                      <message><![CDATA[SetUp : System.DllNotFoundException : Unable to load DLL 'leveldb': The specified module could not be found. (Exception from HRESULT: 0x8007007E)]]></message>
                      <stack-trace><![CDATA[at LevelDB.Native.leveldb_options_create()
at LevelDB.NativeTests.SetUp() in c:\Users\Mark\Documents\leveldb\leveldb-sharp\tests\NativeTests.cs:line 51
]]></stack-trace>
                    </failure>
                  </test-case>
                  <test-case name="LevelDB.NativeTests.Get" executed="True" result="Error" success="False" time="0.001" asserts="0">
                    <failure>
                      <message><![CDATA[SetUp : System.DllNotFoundException : Unable to load DLL 'leveldb': The specified module could not be found. (Exception from HRESULT: 0x8007007E)]]></message>
                      <stack-trace><![CDATA[at LevelDB.Native.leveldb_options_create()
at LevelDB.NativeTests.SetUp() in c:\Users\Mark\Documents\leveldb\leveldb-sharp\tests\NativeTests.cs:line 51
]]></stack-trace>
                    </failure>
                  </test-case>
                  <test-case name="LevelDB.NativeTests.Open" executed="True" result="Error" success="False" time="0.001" asserts="0">
                    <failure>
                      <message><![CDATA[SetUp : System.DllNotFoundException : Unable to load DLL 'leveldb': The specified module could not be found. (Exception from HRESULT: 0x8007007E)]]></message>
                      <stack-trace><![CDATA[at LevelDB.Native.leveldb_options_create()
at LevelDB.NativeTests.SetUp() in c:\Users\Mark\Documents\leveldb\leveldb-sharp\tests\NativeTests.cs:line 51
]]></stack-trace>
                    </failure>
                  </test-case>
                  <test-case name="LevelDB.NativeTests.Property" executed="True" result="Error" success="False" time="0.001" asserts="0">
                    <failure>
                      <message><![CDATA[SetUp : System.DllNotFoundException : Unable to load DLL 'leveldb': The specified module could not be found. (Exception from HRESULT: 0x8007007E)]]></message>
                      <stack-trace><![CDATA[at LevelDB.Native.leveldb_options_create()
at LevelDB.NativeTests.SetUp() in c:\Users\Mark\Documents\leveldb\leveldb-sharp\tests\NativeTests.cs:line 51
]]></stack-trace>
                    </failure>
                  </test-case>
                  <test-case name="LevelDB.NativeTests.Put" executed="True" result="Error" success="False" time="0.001" asserts="0">
                    <failure>
                      <message><![CDATA[SetUp : System.DllNotFoundException : Unable to load DLL 'leveldb': The specified module could not be found. (Exception from HRESULT: 0x8007007E)]]></message>
                      <stack-trace><![CDATA[at LevelDB.Native.leveldb_options_create()
at LevelDB.NativeTests.SetUp() in c:\Users\Mark\Documents\leveldb\leveldb-sharp\tests\NativeTests.cs:line 51
]]></stack-trace>
                    </failure>
                  </test-case>
                  <test-case name="LevelDB.NativeTests.Reopen" executed="True" result="Error" success="False" time="0.001" asserts="0">
                    <failure>
                      <message><![CDATA[SetUp : System.DllNotFoundException : Unable to load DLL 'leveldb': The specified module could not be found. (Exception from HRESULT: 0x8007007E)]]></message>
                      <stack-trace><![CDATA[at LevelDB.Native.leveldb_options_create()
at LevelDB.NativeTests.SetUp() in c:\Users\Mark\Documents\leveldb\leveldb-sharp\tests\NativeTests.cs:line 51
]]></stack-trace>
                    </failure>
                  </test-case>
                  <test-case name="LevelDB.NativeTests.Repair" executed="True" result="Error" success="False" time="0.002" asserts="0">
                    <failure>
                      <message><![CDATA[SetUp : System.DllNotFoundException : Unable to load DLL 'leveldb': The specified module could not be found. (Exception from HRESULT: 0x8007007E)]]></message>
                      <stack-trace><![CDATA[at LevelDB.Native.leveldb_options_create()
at LevelDB.NativeTests.SetUp() in c:\Users\Mark\Documents\leveldb\leveldb-sharp\tests\NativeTests.cs:line 51
]]></stack-trace>
                    </failure>
                  </test-case>
                  <test-case name="LevelDB.NativeTests.Snapshot" executed="True" result="Error" success="False" time="0.001" asserts="0">
                    <failure>
                      <message><![CDATA[SetUp : System.DllNotFoundException : Unable to load DLL 'leveldb': The specified module could not be found. (Exception from HRESULT: 0x8007007E)]]></message>
                      <stack-trace><![CDATA[at LevelDB.Native.leveldb_options_create()
at LevelDB.NativeTests.SetUp() in c:\Users\Mark\Documents\leveldb\leveldb-sharp\tests\NativeTests.cs:line 51
]]></stack-trace>
                    </failure>
                  </test-case>
                  <test-case name="LevelDB.NativeTests.Version" executed="True" result="Error" success="False" time="0.001" asserts="0">
                    <failure>
                      <message><![CDATA[SetUp : System.DllNotFoundException : Unable to load DLL 'leveldb': The specified module could not be found. (Exception from HRESULT: 0x8007007E)]]></message>
                      <stack-trace><![CDATA[at LevelDB.Native.leveldb_options_create()
at LevelDB.NativeTests.SetUp() in c:\Users\Mark\Documents\leveldb\leveldb-sharp\tests\NativeTests.cs:line 51
]]></stack-trace>
                    </failure>
                  </test-case>
                  <test-case name="LevelDB.NativeTests.WriteBatch" executed="True" result="Error" success="False" time="0.001" asserts="0">
                    <failure>
                      <message><![CDATA[SetUp : System.DllNotFoundException : Unable to load DLL 'leveldb': The specified module could not be found. (Exception from HRESULT: 0x8007007E)]]></message>
                      <stack-trace><![CDATA[at LevelDB.Native.leveldb_options_create()
at LevelDB.NativeTests.SetUp() in c:\Users\Mark\Documents\leveldb\leveldb-sharp\tests\NativeTests.cs:line 51
]]></stack-trace>
                    </failure>
                  </test-case>
                </results>
              </test-suite>
            </results>
          </test-suite>
        </results>
      </test-suite>
    </results>
  </test-suite>
</test-results>